<?xml version="1.0" encoding="UTF-8"?>
<!-- Generated by org.testng.reporters.JUnitReportReporter -->
<testsuite hostname="Amit.local" failures="0" tests="2" name="Mocks.Automate_Facebook_login" time="4.641" errors="0" timestamp="2025-03-17T00:40:20 GMT+06:00" skipped="0">
  <testcase classname="Mocks.Automate_Facebook_login" name="login" time="0.221"/>
  <testcase classname="Mocks.Automate_Facebook_login" name="login" time="4.420"/>
</testsuite> <!-- Mocks.Automate_Facebook_login -->
