<?xml version="1.0" encoding="UTF-8"?>
<!-- Generated by org.testng.reporters.JUnitReportReporter -->
<testsuite hostname="Amit.local" failures="0" tests="1" name="Amit.HeadLessMood1" time="9.450" errors="0" timestamp="2025-03-01T15:13:22 GMT+06:00" skipped="0">
  <testcase classname="Amit.HeadLessMood1" name="headlessMood" time="9.450"/>
</testsuite> <!-- Amit.HeadLessMood1 -->
