<?xml version="1.0" encoding="UTF-8"?>
<!-- Generated by org.testng.reporters.JUnitReportReporter -->
<testsuite hostname="Amit.local" failures="0" tests="1" name="Amit.DropdownSelectClass" time="12.404" errors="0" timestamp="2025-02-27T01:16:32 GMT+06:00" skipped="0">
  <testcase classname="Amit.DropdownSelectClass" name="dropdown" time="12.404"/>
</testsuite> <!-- Amit.DropdownSelectClass -->
