<?xml version="1.0" encoding="UTF-8"?>
<!-- Generated by org.testng.reporters.JUnitReportReporter -->
<testsuite hostname="Amit.local" failures="0" tests="3" name="Amit.HeadlessMood" time="9.347" errors="0" timestamp="2025-02-22T12:56:30 GMT+06:00" skipped="0">
  <testcase classname="Amit.HeadlessMood" name="SeachGoogle" time="3.610"/>
  <testcase classname="Amit.HeadlessMood" name="SeachGoogle" time="2.829"/>
  <testcase classname="Amit.HeadlessMood" name="SeachGoogle" time="2.908"/>
</testsuite> <!-- Amit.HeadlessMood -->
