<?xml version="1.0" encoding="UTF-8"?>
<!-- Generated by org.testng.reporters.JUnitReportReporter -->
<testsuite hostname="Amit.local" failures="0" tests="3" name="Amit.SearchwithDifferentVaules" time="7.543" errors="0" timestamp="2025-02-21T13:24:50 GMT+06:00" skipped="0">
  <testcase classname="Amit.SearchwithDifferentVaules" name="SeachGoogle" time="3.131"/>
  <testcase classname="Amit.SearchwithDifferentVaules" name="SeachGoogle" time="2.179"/>
  <testcase classname="Amit.SearchwithDifferentVaules" name="SeachGoogle" time="2.233"/>
</testsuite> <!-- Amit.SearchwithDifferentVaules -->
