<?xml version="1.0" encoding="UTF-8"?>
<!-- Generated by org.testng.reporters.JUnitReportReporter -->
<testsuite hostname="Amit.local" failures="0" tests="2" name="Amit.GroupingTest" time="0.006" errors="0" timestamp="2025-02-19T14:57:31 GMT+06:00" skipped="0">
  <testcase classname="Amit.GroupingTest" name="test1" time="0.005"/>
  <testcase classname="Amit.GroupingTest" name="test2" time="0.001"/>
</testsuite> <!-- Amit.GroupingTest -->
