<?xml version="1.0" encoding="UTF-8"?>
<!-- Generated by org.testng.reporters.JUnitReportReporter -->
<testsuite hostname="Amit.local" failures="0" tests="1" name="Amit.Scrolling" time="11.913" errors="0" timestamp="2025-02-22T00:53:13 GMT+06:00" skipped="0">
  <testcase classname="Amit.Scrolling" name="ScrollingWeb" time="11.913"/>
</testsuite> <!-- Amit.Scrolling -->
