<?xml version="1.0" encoding="UTF-8"?>
<!-- Generated by org.testng.reporters.JUnitReportReporter -->
<testsuite hostname="Amit.local" failures="0" tests="2" name="recall.FacebookLogin" time="5.598" errors="0" timestamp="2025-05-07T23:32:35 GMT+06:00" skipped="0">
  <testcase classname="recall.FacebookLogin" name="Test1" time="0.256"/>
  <testcase classname="recall.FacebookLogin" name="Test1" time="5.342"/>
</testsuite> <!-- recall.FacebookLogin -->
