<?xml version="1.0" encoding="UTF-8"?>
<!-- Generated by org.testng.reporters.JUnitReportReporter -->
<testsuite hostname="Amit.local" failures="0" tests="1" name="Amit.MultiUserUsingHashMap" time="41.396" errors="0" timestamp="2025-02-21T20:36:51 GMT+06:00" skipped="0">
  <testcase classname="Amit.MultiUserUsingHashMap" name="LoginUser" time="41.396"/>
</testsuite> <!-- Amit.MultiUserUsingHashMap -->
