<?xml version="1.0" encoding="UTF-8"?>
<!-- Generated by org.testng.reporters.JUnitReportReporter -->
<testsuite hostname="Amit.local" failures="0" tests="1" name="Amit.HoverOverAndClick" time="20.405" errors="0" timestamp="2025-02-23T13:43:35 GMT+06:00" skipped="0">
  <testcase classname="Amit.HoverOverAndClick" name="HoverOver" time="20.405"/>
</testsuite> <!-- Amit.HoverOverAndClick -->
