<?xml version="1.0" encoding="UTF-8"?>
<!-- Generated by org.testng.reporters.JUnitReportReporter -->
<testsuite hostname="Amit.local" failures="0" tests="4" name="Mocks.GroupingConcept" time="0.007" errors="0" timestamp="2025-03-17T01:03:33 GMT+06:00" skipped="0">
  <testcase classname="Mocks.GroupingConcept" name="test1" time="0.006"/>
  <testcase classname="Mocks.GroupingConcept" name="test4" time="0.001"/>
  <testcase classname="Mocks.GroupingConcept" name="test2" time="0.000"/>
  <testcase classname="Mocks.GroupingConcept" name="test3" time="0.000"/>
</testsuite> <!-- Mocks.GroupingConcept -->
