<?xml version="1.0" encoding="UTF-8"?>
<!-- Generated by org.testng.reporters.JUnitReportReporter -->
<testsuite hostname="Amit.local" failures="0" tests="4" name="Amit.LoginWithMultipleUser" time="52.325" errors="0" timestamp="2025-02-21T14:55:56 GMT+06:00" skipped="0">
  <testcase classname="Amit.LoginWithMultipleUser" name="Login" time="11.215"/>
  <testcase classname="Amit.LoginWithMultipleUser" name="Login" time="13.080"/>
  <testcase classname="Amit.LoginWithMultipleUser" name="Login" time="11.244"/>
  <testcase classname="Amit.LoginWithMultipleUser" name="Login" time="16.786"/>
</testsuite> <!-- Amit.LoginWithMultipleUser -->
