<?xml version="1.0" encoding="UTF-8"?>
<!-- Generated by org.testng.reporters.JUnitReportReporter -->
<testsuite hostname="Amit.local" failures="0" tests="1" name="Mocks.brokenlinks" time="16.857" errors="0" timestamp="2025-03-22T03:25:45 GMT+06:00" skipped="0">
  <testcase classname="Mocks.brokenlinks" name="broken" time="16.857"/>
</testsuite> <!-- Mocks.brokenlinks -->
