<?xml version="1.0" encoding="UTF-8"?>
<!-- Generated by org.testng.reporters.JUnitReportReporter -->
<testsuite hostname="Amit.local" failures="0" tests="1" name="Amit.hdfcBankAutomation" time="10.849" errors="0" timestamp="2025-03-03T00:43:36 GMT+06:00" skipped="0">
  <testcase classname="Amit.hdfcBankAutomation" name="hdfcBankTest" time="10.849"/>
</testsuite> <!-- Amit.hdfcBankAutomation -->
