<?xml version="1.0" encoding="UTF-8"?>
<!-- Generated by org.testng.reporters.JUnitReportReporter -->
<testsuite hostname="Amit.local" failures="0" tests="1" name="Amit.DropdownWithArrowKeys" time="23.285" errors="0" timestamp="2025-02-26T15:53:02 GMT+06:00" skipped="0">
  <testcase classname="Amit.DropdownWithArrowKeys" name="DropDown" time="23.285"/>
</testsuite> <!-- Amit.DropdownWithArrowKeys -->
