<?xml version="1.0" encoding="UTF-8"?>
<!-- Generated by org.testng.reporters.JUnitReportReporter -->
<testsuite hostname="Amit.local" failures="0" tests="3" name="Amit.FacebookLogin" time="8.793" errors="0" timestamp="2025-02-19T14:50:26 GMT+06:00" skipped="0">
  <testcase classname="Amit.FacebookLogin" name="login" time="4.090"/>
  <testcase classname="Amit.FacebookLogin" name="login" time="4.471"/>
  <testcase classname="Amit.FacebookLogin" name="login" time="0.232"/>
</testsuite> <!-- Amit.FacebookLogin -->
