<?xml version="1.0" encoding="UTF-8"?>
<!-- Generated by org.testng.reporters.JUnitReportReporter -->
<testsuite hostname="Amit.local" failures="0" tests="4" name="Amit.loginTest" time="34.298" errors="0" timestamp="2025-03-02T14:33:52 GMT+06:00" skipped="0">
  <testcase classname="Amit.loginTest" name="multiUserLoging" time="7.778"/>
  <testcase classname="Amit.loginTest" name="multiUserLoging" time="11.033"/>
  <testcase classname="Amit.loginTest" name="multiUserLoging" time="7.868"/>
  <testcase classname="Amit.loginTest" name="multiUserLoging" time="7.619"/>
</testsuite> <!-- Amit.loginTest -->
