<?xml version="1.0" encoding="UTF-8"?>
<!-- Generated by org.testng.reporters.JUnitReportReporter -->
<testsuite hostname="Amit.local" failures="0" tests="1" name="Amit.DropdownUsingSelectClass" time="11.591" errors="0" timestamp="2025-02-27T01:05:24 GMT+06:00" skipped="0">
  <testcase classname="Amit.DropdownUsingSelectClass" name="dropdownUsingSelect" time="11.591"/>
</testsuite> <!-- Amit.DropdownUsingSelectClass -->
