<?xml version="1.0" encoding="UTF-8"?>
<!-- Generated by org.testng.reporters.JUnitReportReporter -->
<testsuite hostname="Amit.local" failures="0" tests="1" name="Amit.takeScreenshot" time="8.062" errors="0" timestamp="2025-03-19T03:47:04 GMT+06:00" skipped="0">
  <testcase classname="Amit.takeScreenshot" name="screenshot" time="8.062"/>
</testsuite> <!-- Amit.takeScreenshot -->
