<?xml version="1.0" encoding="UTF-8"?>
<!-- Generated by org.testng.reporters.JUnitReportReporter -->
<testsuite hostname="Amit.local" failures="0" tests="3" name="Amit.HeadlessMood" time="67.411" errors="0" timestamp="2025-03-01T14:44:19 GMT+06:00" skipped="0">
  <testcase classname="Amit.HeadlessMood" name="SeachGoogle" time="60.981"/>
  <testcase classname="Amit.HeadlessMood" name="SeachGoogle" time="3.423"/>
  <testcase classname="Amit.HeadlessMood" name="SeachGoogle" time="3.007"/>
</testsuite> <!-- Amit.HeadlessMood -->
