<?xml version="1.0" encoding="UTF-8"?>
<!-- Generated by org.testng.reporters.JUnitReportReporter -->
<testsuite hostname="Amit.local" failures="0" tests="1" name="Amit.AutoSuggestionInSearch" time="11.987" errors="0" timestamp="2025-02-22T13:37:54 GMT+06:00" skipped="0">
  <testcase classname="Amit.AutoSuggestionInSearch" name="autoSearch" time="11.987"/>
</testsuite> <!-- Amit.AutoSuggestionInSearch -->
