<?xml version="1.0" encoding="UTF-8"?>
<!-- Generated by org.testng.reporters.JUnitReportReporter -->
<testsuite hostname="Amit.local" failures="0" tests="1" name="Amit.DropdownWithoutSelect" time="15.240" errors="0" timestamp="2025-02-26T15:42:19 GMT+06:00" skipped="0">
  <testcase classname="Amit.DropdownWithoutSelect" name="DropDown" time="15.240"/>
</testsuite> <!-- Amit.DropdownWithoutSelect -->
