<?xml version="1.0" encoding="UTF-8"?>
<!-- Generated by org.testng.reporters.JUnitReportReporter -->
<testsuite hostname="Amit.local" failures="0" tests="1" name="FacebookLogin" time="5.354" errors="0" timestamp="2025-02-19T14:33:15 GMT+06:00" skipped="0">
  <testcase classname="FacebookLogin" name="login" time="5.354"/>
</testsuite> <!-- FacebookLogin -->
