<?xml version="1.0" encoding="UTF-8"?>
<!-- Generated by org.testng.reporters.JUnitReportReporter -->
<testsuite hostname="Amit.local" failures="0" tests="1" name="Amit.takescreenshots" time="10.342" errors="0" timestamp="2025-03-18T23:40:27 GMT+06:00" skipped="0">
  <testcase classname="Amit.takescreenshots" name="takeScreenShot" time="10.342"/>
</testsuite> <!-- Amit.takescreenshots -->
